# JRE version: Java(TM) SE Runtime Environment (8.0_51-b16) (build 1.8.0_51-b16)
# Java VM: Java HotSpot(TM) 64-Bit Server VM (25.51-b03 mixed mode windows-amd64 compressed oops)
Heap:
 PSYoungGen      total 92672K, used 18918K [0x00000000eab00000, 0x00000000f1880000, 0x0000000100000000)
  eden space 78336K, 7% used [0x00000000eab00000,0x00000000eb05b8c8,0x00000000ef780000)
  from space 14336K, 93% used [0x00000000f0780000,0x00000000f149e0b8,0x00000000f1580000)
  to   space 16384K, 0% used [0x00000000ef780000,0x00000000ef780000,0x00000000f0780000)
 ParOldGen       total 58368K, used 25880K [0x00000000c0000000, 0x00000000c3900000, 0x00000000eab00000)
  object space 58368K, 44% used [0x00000000c0000000,0x00000000c19462a8,0x00000000c3900000)
 Metaspace       used 45206K, capacity 46118K, committed 46208K, reserved 1089536K
  class space    used 6229K, capacity 6475K, committed 6528K, reserved 1048576K
GC Heap History (10 events):
Event: 34.894 GC heap before
{Heap before GC invocations=22 (full 2):
 PSYoungGen      total 52736K, used 44746K [0x00000000eab00000, 0x00000000ef280000, 0x0000000100000000)
  eden space 41472K, 100% used [0x00000000eab00000,0x00000000ed380000,0x00000000ed380000)
  from space 11264K, 29% used [0x00000000ed380000,0x00000000ed6b29d0,0x00000000ede80000)
  to   space 11264K, 0% used [0x00000000ee780000,0x00000000ee780000,0x00000000ef280000)
 ParOldGen       total 58368K, used 19742K [0x00000000c0000000, 0x00000000c3900000, 0x00000000eab00000)
  object space 58368K, 33% used [0x00000000c0000000,0x00000000c1347808,0x00000000c3900000)
 Metaspace       used 37886K, capacity 38640K, committed 38912K, reserved 1083392K
  class space    used 5118K, capacity 5308K, committed 5376K, reserved 1048576K
Event: 34.898 GC heap after
Heap after GC invocations=22 (full 2):
 PSYoungGen      total 62464K, used 4193K [0x00000000eab00000, 0x00000000ef280000, 0x0000000100000000)
  eden space 51200K, 0% used [0x00000000eab00000,0x00000000eab00000,0x00000000edd00000)
  from space 11264K, 37% used [0x00000000ee780000,0x00000000eeb98670,0x00000000ef280000)
  to   space 10752K, 0% used [0x00000000edd00000,0x00000000edd00000,0x00000000ee780000)
 ParOldGen       total 58368K, used 19750K [0x00000000c0000000, 0x00000000c3900000, 0x00000000eab00000)
  object space 58368K, 33% used [0x00000000c0000000,0x00000000c1349808,0x00000000c3900000)
 Metaspace       used 37886K, capacity 38640K, committed 38912K, reserved 1083392K
  class space    used 5118K, capacity 5308K, committed 5376K, reserved 1048576K
}
Event: 35.142 GC heap before
{Heap before GC invocations=23 (full 2):
 PSYoungGen      total 62464K, used 55393K [0x00000000eab00000, 0x00000000ef280000, 0x0000000100000000)
  eden space 51200K, 100% used [0x00000000eab00000,0x00000000edd00000,0x00000000edd00000)
  from space 11264K, 37% used [0x00000000ee780000,0x00000000eeb98670,0x00000000ef280000)
  to   space 10752K, 0% used [0x00000000edd00000,0x00000000edd00000,0x00000000ee780000)
 ParOldGen       total 58368K, used 19750K [0x00000000c0000000, 0x00000000c3900000, 0x00000000eab00000)
  object space 58368K, 33% used [0x00000000c0000000,0x00000000c1349808,0x00000000c3900000)
 Metaspace       used 37974K, capacity 38710K, committed 38912K, reserved 1083392K
  class space    used 5120K, capacity 5309K, committed 5376K, reserved 1048576K
Event: 35.148 GC heap after
Heap after GC invocations=23 (full 2):
 PSYoungGen      total 61952K, used 5862K [0x00000000eab00000, 0x00000000efe80000, 0x0000000100000000)
  eden space 51200K, 0% used [0x00000000eab00000,0x00000000eab00000,0x00000000edd00000)
  from space 10752K, 54% used [0x00000000edd00000,0x00000000ee2b99f8,0x00000000ee780000)
  to   space 10240K, 0% used [0x00000000ef480000,0x00000000ef480000,0x00000000efe80000)
 ParOldGen       total 58368K, used 19758K [0x00000000c0000000, 0x00000000c3900000, 0x00000000eab00000)
  object space 58368K, 33% used [0x00000000c0000000,0x00000000c134b808,0x00000000c3900000)
 Metaspace       used 37974K, capacity 38710K, committed 38912K, reserved 1083392K
  class space    used 5120K, capacity 5309K, committed 5376K, reserved 1048576K
}
Event: 37.699 GC heap before
{Heap before GC invocations=24 (full 2):
 PSYoungGen      total 61952K, used 57062K [0x00000000eab00000, 0x00000000efe80000, 0x0000000100000000)
  eden space 51200K, 100% used [0x00000000eab00000,0x00000000edd00000,0x00000000edd00000)
  from space 10752K, 54% used [0x00000000edd00000,0x00000000ee2b99f8,0x00000000ee780000)
  to   space 10240K, 0% used [0x00000000ef480000,0x00000000ef480000,0x00000000efe80000)
 ParOldGen       total 58368K, used 19758K [0x00000000c0000000, 0x00000000c3900000, 0x00000000eab00000)
  object space 58368K, 33% used [0x00000000c0000000,0x00000000c134b808,0x00000000c3900000)
 Metaspace       used 39758K, capacity 40492K, committed 40704K, reserved 1085440K
  class space    used 5395K, capacity 5579K, committed 5632K, reserved 1048576K
Event: 37.711 GC heap after
Heap after GC invocations=24 (full 2):
 PSYoungGen      total 74240K, used 9360K [0x00000000eab00000, 0x00000000eff80000, 0x0000000100000000)
  eden space 64000K, 0% used [0x00000000eab00000,0x00000000eab00000,0x00000000ee980000)
  from space 10240K, 91% used [0x00000000ef480000,0x00000000efda43a8,0x00000000efe80000)
  to   space 11264K, 0% used [0x00000000ee980000,0x00000000ee980000,0x00000000ef480000)
 ParOldGen       total 58368K, used 19766K [0x00000000c0000000, 0x00000000c3900000, 0x00000000eab00000)
  object space 58368K, 33% used [0x00000000c0000000,0x00000000c134d808,0x00000000c3900000)
 Metaspace       used 39758K, capacity 40492K, committed 40704K, reserved 1085440K
  class space    used 5395K, capacity 5579K, committed 5632K, reserved 1048576K
}
Event: 39.964 GC heap before
{Heap before GC invocations=25 (full 2):
 PSYoungGen      total 74240K, used 73360K [0x00000000eab00000, 0x00000000eff80000, 0x0000000100000000)
  eden space 64000K, 100% used [0x00000000eab00000,0x00000000ee980000,0x00000000ee980000)
  from space 10240K, 91% used [0x00000000ef480000,0x00000000efda43a8,0x00000000efe80000)
  to   space 11264K, 0% used [0x00000000ee980000,0x00000000ee980000,0x00000000ef480000)
 ParOldGen       total 58368K, used 19766K [0x00000000c0000000, 0x00000000c3900000, 0x00000000eab00000)
  object space 58368K, 33% used [0x00000000c0000000,0x00000000c134d808,0x00000000c3900000)
 Metaspace       used 42413K, capacity 43226K, committed 43520K, reserved 1087488K
  class space    used 5836K, capacity 6051K, committed 6144K, reserved 1048576K
Event: 39.997 GC heap after
Heap after GC invocations=25 (full 2):
 PSYoungGen      total 75264K, used 11234K [0x00000000eab00000, 0x00000000f1580000, 0x0000000100000000)
  eden space 64000K, 0% used [0x00000000eab00000,0x00000000eab00000,0x00000000ee980000)
  from space 11264K, 99% used [0x00000000ee980000,0x00000000ef478978,0x00000000ef480000)
  to   space 14336K, 0% used [0x00000000f0780000,0x00000000f0780000,0x00000000f1580000)
 ParOldGen       total 58368K, used 23730K [0x00000000c0000000, 0x00000000c3900000, 0x00000000eab00000)
  object space 58368K, 40% used [0x00000000c0000000,0x00000000c172ca00,0x00000000c3900000)
 Metaspace       used 42413K, capacity 43226K, committed 43520K, reserved 1087488K
  class space    used 5836K, capacity 6051K, committed 6144K, reserved 1048576K
}
Event: 45.399 GC heap before
{Heap before GC invocations=26 (full 2):
 PSYoungGen      total 75264K, used 75234K [0x00000000eab00000, 0x00000000f1580000, 0x0000000100000000)
  eden space 64000K, 100% used [0x00000000eab00000,0x00000000ee980000,0x00000000ee980000)
  from space 11264K, 99% used [0x00000000ee980000,0x00000000ef478978,0x00000000ef480000)
  to   space 14336K, 0% used [0x00000000f0780000,0x00000000f0780000,0x00000000f1580000)
 ParOldGen       total 58368K, used 23730K [0x00000000c0000000, 0x00000000c3900000, 0x00000000eab00000)
  object space 58368K, 40% used [0x00000000c0000000,0x00000000c172ca00,0x00000000c3900000)
 Metaspace       used 45092K, capacity 45990K, committed 46208K, reserved 1089536K
  class space    used 6212K, capacity 6475K, committed 6528K, reserved 1048576K
Event: 45.421 GC heap after
Heap after GC invocations=26 (full 2):
 PSYoungGen      total 92672K, used 13432K [0x00000000eab00000, 0x00000000f1880000, 0x0000000100000000)
  eden space 78336K, 0% used [0x00000000eab00000,0x00000000eab00000,0x00000000ef780000)
  from space 14336K, 93% used [0x00000000f0780000,0x00000000f149e0b8,0x00000000f1580000)
  to   space 16384K, 0% used [0x00000000ef780000,0x00000000ef780000,0x00000000f0780000)
 ParOldGen       total 58368K, used 25880K [0x00000000c0000000, 0x00000000c3900000, 0x00000000eab00000)
  object space 58368K, 44% used [0x00000000c0000000,0x00000000c19462a8,0x00000000c3900000)
 Metaspace       used 45092K, capacity 45990K, committed 46208K, reserved 1089536K
  class space    used 6212K, capacity 6475K, committed 6528K, reserved 1048576K
}

