# JRE version: Java(TM) SE Runtime Environment (8.0_51-b16) (build 1.8.0_51-b16)
# Java VM: Java HotSpot(TM) 64-Bit Server VM (25.51-b03 mixed mode windows-amd64 compressed oops)
Heap:
 PSYoungGen      total 169472K, used 45463K [0x00000000eab00000, 0x00000000fa000000, 0x0000000100000000)
  eden space 145408K, 14% used [0x00000000eab00000,0x00000000ebff0808,0x00000000f3900000)
  from space 24064K, 99% used [0x00000000f8880000,0x00000000f9ff5698,0x00000000fa000000)
  to   space 32768K, 0% used [0x00000000f6000000,0x00000000f6000000,0x00000000f8000000)
 ParOldGen       total 82944K, used 49523K [0x00000000c0000000, 0x00000000c5100000, 0x00000000eab00000)
  object space 82944K, 59% used [0x00000000c0000000,0x00000000c305cc20,0x00000000c5100000)
 Metaspace       used 6809K, capacity 7544K, committed 7680K, reserved 1056768K
  class space    used 632K, capacity 688K, committed 768K, reserved 1048576K
GC Heap History (10 events):
Event: 6.345 GC heap before
{Heap before GC invocations=7 (full 0):
 PSYoungGen      total 72704K, used 72269K [0x00000000eab00000, 0x00000000eff00000, 0x0000000100000000)
  eden space 64000K, 100% used [0x00000000eab00000,0x00000000ee980000,0x00000000ee980000)
  from space 8704K, 95% used [0x00000000ef380000,0x00000000efb93470,0x00000000efc00000)
  to   space 10240K, 0% used [0x00000000ee980000,0x00000000ee980000,0x00000000ef380000)
 ParOldGen       total 44032K, used 12359K [0x00000000c0000000, 0x00000000c2b00000, 0x00000000eab00000)
  object space 44032K, 28% used [0x00000000c0000000,0x00000000c0c11e40,0x00000000c2b00000)
 Metaspace       used 6325K, capacity 7216K, committed 7296K, reserved 1056768K
  class space    used 593K, capacity 616K, committed 640K, reserved 1048576K
Event: 6.379 GC heap after
Heap after GC invocations=7 (full 0):
 PSYoungGen      total 74240K, used 10222K [0x00000000eab00000, 0x00000000f4700000, 0x0000000100000000)
  eden space 64000K, 0% used [0x00000000eab00000,0x00000000eab00000,0x00000000ee980000)
  from space 10240K, 99% used [0x00000000ee980000,0x00000000ef37ba80,0x00000000ef380000)
  to   space 15872K, 0% used [0x00000000f3780000,0x00000000f3780000,0x00000000f4700000)
 ParOldGen       total 44032K, used 20149K [0x00000000c0000000, 0x00000000c2b00000, 0x00000000eab00000)
  object space 44032K, 45% used [0x00000000c0000000,0x00000000c13ad400,0x00000000c2b00000)
 Metaspace       used 6325K, capacity 7216K, committed 7296K, reserved 1056768K
  class space    used 593K, capacity 616K, committed 640K, reserved 1048576K
}
Event: 6.973 GC heap before
{Heap before GC invocations=8 (full 0):
 PSYoungGen      total 74240K, used 74222K [0x00000000eab00000, 0x00000000f4700000, 0x0000000100000000)
  eden space 64000K, 100% used [0x00000000eab00000,0x00000000ee980000,0x00000000ee980000)
  from space 10240K, 99% used [0x00000000ee980000,0x00000000ef37ba80,0x00000000ef380000)
  to   space 15872K, 0% used [0x00000000f3780000,0x00000000f3780000,0x00000000f4700000)
 ParOldGen       total 44032K, used 20149K [0x00000000c0000000, 0x00000000c2b00000, 0x00000000eab00000)
  object space 44032K, 45% used [0x00000000c0000000,0x00000000c13ad400,0x00000000c2b00000)
 Metaspace       used 6360K, capacity 7216K, committed 7296K, reserved 1056768K
  class space    used 593K, capacity 616K, committed 640K, reserved 1048576K
Event: 7.117 GC heap after
Heap after GC invocations=8 (full 0):
 PSYoungGen      total 138752K, used 15845K [0x00000000eab00000, 0x00000000f5100000, 0x0000000100000000)
  eden space 122880K, 0% used [0x00000000eab00000,0x00000000eab00000,0x00000000f2300000)
  from space 15872K, 99% used [0x00000000f3780000,0x00000000f46f95e0,0x00000000f4700000)
  to   space 20992K, 0% used [0x00000000f2300000,0x00000000f2300000,0x00000000f3780000)
 ParOldGen       total 44032K, used 25000K [0x00000000c0000000, 0x00000000c2b00000, 0x00000000eab00000)
  object space 44032K, 56% used [0x00000000c0000000,0x00000000c186a0f8,0x00000000c2b00000)
 Metaspace       used 6360K, capacity 7216K, committed 7296K, reserved 1056768K
  class space    used 593K, capacity 616K, committed 640K, reserved 1048576K
}
Event: 10.674 GC heap before
{Heap before GC invocations=9 (full 0):
 PSYoungGen      total 138752K, used 138725K [0x00000000eab00000, 0x00000000f5100000, 0x0000000100000000)
  eden space 122880K, 100% used [0x00000000eab00000,0x00000000f2300000,0x00000000f2300000)
  from space 15872K, 99% used [0x00000000f3780000,0x00000000f46f95e0,0x00000000f4700000)
  to   space 20992K, 0% used [0x00000000f2300000,0x00000000f2300000,0x00000000f3780000)
 ParOldGen       total 44032K, used 25000K [0x00000000c0000000, 0x00000000c2b00000, 0x00000000eab00000)
  object space 44032K, 56% used [0x00000000c0000000,0x00000000c186a0f8,0x00000000c2b00000)
 Metaspace       used 6474K, capacity 7256K, committed 7424K, reserved 1056768K
  class space    used 614K, capacity 656K, committed 768K, reserved 1048576K
Event: 10.821 GC heap after
Heap after GC invocations=9 (full 0):
 PSYoungGen      total 143872K, used 20988K [0x00000000eab00000, 0x00000000fa600000, 0x0000000100000000)
  eden space 122880K, 0% used [0x00000000eab00000,0x00000000eab00000,0x00000000f2300000)
  from space 20992K, 99% used [0x00000000f2300000,0x00000000f377f2d0,0x00000000f3780000)
  to   space 30208K, 0% used [0x00000000f8880000,0x00000000f8880000,0x00000000fa600000)
 ParOldGen       total 44032K, used 38776K [0x00000000c0000000, 0x00000000c2b00000, 0x00000000eab00000)
  object space 44032K, 88% used [0x00000000c0000000,0x00000000c25de1c0,0x00000000c2b00000)
 Metaspace       used 6474K, capacity 7256K, committed 7424K, reserved 1056768K
  class space    used 614K, capacity 656K, committed 768K, reserved 1048576K
}
Event: 10.821 GC heap before
{Heap before GC invocations=10 (full 1):
 PSYoungGen      total 143872K, used 20988K [0x00000000eab00000, 0x00000000fa600000, 0x0000000100000000)
  eden space 122880K, 0% used [0x00000000eab00000,0x00000000eab00000,0x00000000f2300000)
  from space 20992K, 99% used [0x00000000f2300000,0x00000000f377f2d0,0x00000000f3780000)
  to   space 30208K, 0% used [0x00000000f8880000,0x00000000f8880000,0x00000000fa600000)
 ParOldGen       total 44032K, used 38776K [0x00000000c0000000, 0x00000000c2b00000, 0x00000000eab00000)
  object space 44032K, 88% used [0x00000000c0000000,0x00000000c25de1c0,0x00000000c2b00000)
 Metaspace       used 6474K, capacity 7256K, committed 7424K, reserved 1056768K
  class space    used 614K, capacity 656K, committed 768K, reserved 1048576K
Event: 12.667 GC heap after
Heap after GC invocations=10 (full 1):
 PSYoungGen      total 143872K, used 11748K [0x00000000eab00000, 0x00000000fa600000, 0x0000000100000000)
  eden space 122880K, 0% used [0x00000000eab00000,0x00000000eab00000,0x00000000f2300000)
  from space 20992K, 55% used [0x00000000f2300000,0x00000000f2e79360,0x00000000f3780000)
  to   space 30208K, 0% used [0x00000000f8880000,0x00000000f8880000,0x00000000fa600000)
 ParOldGen       total 82944K, used 43533K [0x00000000c0000000, 0x00000000c5100000, 0x00000000eab00000)
  object space 82944K, 52% used [0x00000000c0000000,0x00000000c2a83718,0x00000000c5100000)
 Metaspace       used 6474K, capacity 7256K, committed 7424K, reserved 1056768K
  class space    used 614K, capacity 656K, committed 768K, reserved 1048576K
}
Event: 13.415 GC heap before
{Heap before GC invocations=11 (full 1):
 PSYoungGen      total 143872K, used 134628K [0x00000000eab00000, 0x00000000fa600000, 0x0000000100000000)
  eden space 122880K, 100% used [0x00000000eab00000,0x00000000f2300000,0x00000000f2300000)
  from space 20992K, 55% used [0x00000000f2300000,0x00000000f2e79360,0x00000000f3780000)
  to   space 30208K, 0% used [0x00000000f8880000,0x00000000f8880000,0x00000000fa600000)
 ParOldGen       total 82944K, used 43533K [0x00000000c0000000, 0x00000000c5100000, 0x00000000eab00000)
  object space 82944K, 52% used [0x00000000c0000000,0x00000000c2a83718,0x00000000c5100000)
 Metaspace       used 6494K, capacity 7256K, committed 7424K, reserved 1056768K
  class space    used 615K, capacity 656K, committed 768K, reserved 1048576K
Event: 13.515 GC heap after
Heap after GC invocations=11 (full 1):
 PSYoungGen      total 169472K, used 24021K [0x00000000eab00000, 0x00000000fa000000, 0x0000000100000000)
  eden space 145408K, 0% used [0x00000000eab00000,0x00000000eab00000,0x00000000f3900000)
  from space 24064K, 99% used [0x00000000f8880000,0x00000000f9ff5698,0x00000000fa000000)
  to   space 32768K, 0% used [0x00000000f6000000,0x00000000f6000000,0x00000000f8000000)
 ParOldGen       total 82944K, used 49523K [0x00000000c0000000, 0x00000000c5100000, 0x00000000eab00000)
  object space 82944K, 59% used [0x00000000c0000000,0x00000000c305cc20,0x00000000c5100000)
 Metaspace       used 6494K, capacity 7256K, committed 7424K, reserved 1056768K
  class space    used 615K, capacity 656K, committed 768K, reserved 1048576K
}

