# JRE version: Java(TM) SE Runtime Environment (8.0_51-b16) (build 1.8.0_51-b16)
# Java VM: Java HotSpot(TM) 64-Bit Server VM (25.51-b03 mixed mode windows-amd64 compressed oops)
Heap:
 PSYoungGen      total 49152K, used 37376K [0x00000000eab00000, 0x00000000efb80000, 0x0000000100000000)
  eden space 37376K, 100% used [0x00000000eab00000,0x00000000ecf80000,0x00000000ecf80000)
  from space 11776K, 0% used [0x00000000ecf80000,0x00000000ecf80000,0x00000000edb00000)
  to   space 11264K, 0% used [0x00000000ef080000,0x00000000ef080000,0x00000000efb80000)
 ParOldGen       total 44032K, used 44027K [0x00000000c0000000, 0x00000000c2b00000, 0x00000000eab00000)
  object space 44032K, 99% used [0x00000000c0000000,0x00000000c2afee90,0x00000000c2b00000)
 Metaspace       used 6463K, capacity 7256K, committed 7424K, reserved 1056768K
  class space    used 614K, capacity 656K, committed 768K, reserved 1048576K
GC Heap History (10 events):
Event: 21.276 GC heap before
{Heap before GC invocations=9 (full 0):
 PSYoungGen      total 26112K, used 26112K [0x00000000eab00000, 0x00000000f0200000, 0x0000000100000000)
  eden space 23552K, 100% used [0x00000000eab00000,0x00000000ec200000,0x00000000ec200000)
  from space 2560K, 100% used [0x00000000ecd80000,0x00000000ed000000,0x00000000ed000000)
  to   space 11776K, 0% used [0x00000000ec200000,0x00000000ec200000,0x00000000ecd80000)
 ParOldGen       total 44032K, used 29984K [0x00000000c0000000, 0x00000000c2b00000, 0x00000000eab00000)
  object space 44032K, 68% used [0x00000000c0000000,0x00000000c1d48038,0x00000000c2b00000)
 Metaspace       used 6349K, capacity 7216K, committed 7296K, reserved 1056768K
  class space    used 594K, capacity 616K, committed 640K, reserved 1048576K
Event: 21.448 GC heap after
Heap after GC invocations=9 (full 0):
 PSYoungGen      total 35328K, used 6768K [0x00000000eab00000, 0x00000000ee600000, 0x0000000100000000)
  eden space 23552K, 0% used [0x00000000eab00000,0x00000000eab00000,0x00000000ec200000)
  from space 11776K, 57% used [0x00000000ec200000,0x00000000ec89c200,0x00000000ecd80000)
  to   space 11264K, 0% used [0x00000000edb00000,0x00000000edb00000,0x00000000ee600000)
 ParOldGen       total 44032K, used 30657K [0x00000000c0000000, 0x00000000c2b00000, 0x00000000eab00000)
  object space 44032K, 69% used [0x00000000c0000000,0x00000000c1df04b8,0x00000000c2b00000)
 Metaspace       used 6349K, capacity 7216K, committed 7296K, reserved 1056768K
  class space    used 594K, capacity 616K, committed 640K, reserved 1048576K
}
Event: 22.373 GC heap before
{Heap before GC invocations=10 (full 0):
 PSYoungGen      total 35328K, used 30320K [0x00000000eab00000, 0x00000000ee600000, 0x0000000100000000)
  eden space 23552K, 100% used [0x00000000eab00000,0x00000000ec200000,0x00000000ec200000)
  from space 11776K, 57% used [0x00000000ec200000,0x00000000ec89c200,0x00000000ecd80000)
  to   space 11264K, 0% used [0x00000000edb00000,0x00000000edb00000,0x00000000ee600000)
 ParOldGen       total 44032K, used 30657K [0x00000000c0000000, 0x00000000c2b00000, 0x00000000eab00000)
  object space 44032K, 69% used [0x00000000c0000000,0x00000000c1df04b8,0x00000000c2b00000)
 Metaspace       used 6351K, capacity 7216K, committed 7296K, reserved 1056768K
  class space    used 594K, capacity 616K, committed 640K, reserved 1048576K
Event: 22.420 GC heap after
Heap after GC invocations=10 (full 0):
 PSYoungGen      total 48640K, used 8149K [0x00000000eab00000, 0x00000000ee700000, 0x0000000100000000)
  eden space 37376K, 0% used [0x00000000eab00000,0x00000000eab00000,0x00000000ecf80000)
  from space 11264K, 72% used [0x00000000edb00000,0x00000000ee2f5400,0x00000000ee600000)
  to   space 11776K, 0% used [0x00000000ecf80000,0x00000000ecf80000,0x00000000edb00000)
 ParOldGen       total 44032K, used 32553K [0x00000000c0000000, 0x00000000c2b00000, 0x00000000eab00000)
  object space 44032K, 73% used [0x00000000c0000000,0x00000000c1fca490,0x00000000c2b00000)
 Metaspace       used 6351K, capacity 7216K, committed 7296K, reserved 1056768K
  class space    used 594K, capacity 616K, committed 640K, reserved 1048576K
}
Event: 22.704 GC heap before
{Heap before GC invocations=11 (full 0):
 PSYoungGen      total 48640K, used 45525K [0x00000000eab00000, 0x00000000ee700000, 0x0000000100000000)
  eden space 37376K, 100% used [0x00000000eab00000,0x00000000ecf80000,0x00000000ecf80000)
  from space 11264K, 72% used [0x00000000edb00000,0x00000000ee2f5400,0x00000000ee600000)
  to   space 11776K, 0% used [0x00000000ecf80000,0x00000000ecf80000,0x00000000edb00000)
 ParOldGen       total 44032K, used 32553K [0x00000000c0000000, 0x00000000c2b00000, 0x00000000eab00000)
  object space 44032K, 73% used [0x00000000c0000000,0x00000000c1fca490,0x00000000c2b00000)
 Metaspace       used 6452K, capacity 7256K, committed 7424K, reserved 1056768K
  class space    used 614K, capacity 656K, committed 768K, reserved 1048576K
Event: 22.737 GC heap after
Heap after GC invocations=11 (full 0):
 PSYoungGen      total 49152K, used 6400K [0x00000000eab00000, 0x00000000efb80000, 0x0000000100000000)
  eden space 37376K, 0% used [0x00000000eab00000,0x00000000eab00000,0x00000000ecf80000)
  from space 11776K, 54% used [0x00000000ecf80000,0x00000000ed5c0000,0x00000000edb00000)
  to   space 11264K, 0% used [0x00000000ef080000,0x00000000ef080000,0x00000000efb80000)
 ParOldGen       total 44032K, used 40318K [0x00000000c0000000, 0x00000000c2b00000, 0x00000000eab00000)
  object space 44032K, 91% used [0x00000000c0000000,0x00000000c275f800,0x00000000c2b00000)
 Metaspace       used 6452K, capacity 7256K, committed 7424K, reserved 1056768K
  class space    used 614K, capacity 656K, committed 768K, reserved 1048576K
}
Event: 22.737 GC heap before
{Heap before GC invocations=12 (full 1):
 PSYoungGen      total 49152K, used 6400K [0x00000000eab00000, 0x00000000efb80000, 0x0000000100000000)
  eden space 37376K, 0% used [0x00000000eab00000,0x00000000eab00000,0x00000000ecf80000)
  from space 11776K, 54% used [0x00000000ecf80000,0x00000000ed5c0000,0x00000000edb00000)
  to   space 11264K, 0% used [0x00000000ef080000,0x00000000ef080000,0x00000000efb80000)
 ParOldGen       total 44032K, used 40318K [0x00000000c0000000, 0x00000000c2b00000, 0x00000000eab00000)
  object space 44032K, 91% used [0x00000000c0000000,0x00000000c275f800,0x00000000c2b00000)
 Metaspace       used 6452K, capacity 7256K, committed 7424K, reserved 1056768K
  class space    used 614K, capacity 656K, committed 768K, reserved 1048576K
Event: 23.696 GC heap after
Heap after GC invocations=12 (full 1):
 PSYoungGen      total 49152K, used 0K [0x00000000eab00000, 0x00000000efb80000, 0x0000000100000000)
  eden space 37376K, 0% used [0x00000000eab00000,0x00000000eab00000,0x00000000ecf80000)
  from space 11776K, 0% used [0x00000000ecf80000,0x00000000ecf80000,0x00000000edb00000)
  to   space 11264K, 0% used [0x00000000ef080000,0x00000000ef080000,0x00000000efb80000)
 ParOldGen       total 44032K, used 41282K [0x00000000c0000000, 0x00000000c2b00000, 0x00000000eab00000)
  object space 44032K, 93% used [0x00000000c0000000,0x00000000c2850958,0x00000000c2b00000)
 Metaspace       used 6452K, capacity 7256K, committed 7424K, reserved 1056768K
  class space    used 614K, capacity 656K, committed 768K, reserved 1048576K
}
Event: 24.094 GC heap before
{Heap before GC invocations=13 (full 2):
 PSYoungGen      total 49152K, used 37376K [0x00000000eab00000, 0x00000000efb80000, 0x0000000100000000)
  eden space 37376K, 100% used [0x00000000eab00000,0x00000000ecf80000,0x00000000ecf80000)
  from space 11776K, 0% used [0x00000000ecf80000,0x00000000ecf80000,0x00000000edb00000)
  to   space 11264K, 0% used [0x00000000ef080000,0x00000000ef080000,0x00000000efb80000)
 ParOldGen       total 44032K, used 41282K [0x00000000c0000000, 0x00000000c2b00000, 0x00000000eab00000)
  object space 44032K, 93% used [0x00000000c0000000,0x00000000c2850958,0x00000000c2b00000)
 Metaspace       used 6461K, capacity 7256K, committed 7424K, reserved 1056768K
  class space    used 614K, capacity 656K, committed 768K, reserved 1048576K
Event: 24.998 GC heap after
Heap after GC invocations=13 (full 2):
 PSYoungGen      total 49152K, used 2310K [0x00000000eab00000, 0x00000000efb80000, 0x0000000100000000)
  eden space 37376K, 6% used [0x00000000eab00000,0x00000000ead41ac8,0x00000000ecf80000)
  from space 11776K, 0% used [0x00000000ecf80000,0x00000000ecf80000,0x00000000edb00000)
  to   space 11264K, 0% used [0x00000000ef080000,0x00000000ef080000,0x00000000efb80000)
 ParOldGen       total 44032K, used 44027K [0x00000000c0000000, 0x00000000c2b00000, 0x00000000eab00000)
  object space 44032K, 99% used [0x00000000c0000000,0x00000000c2afee90,0x00000000c2b00000)
 Metaspace       used 6461K, capacity 7256K, committed 7424K, reserved 1056768K
  class space    used 614K, capacity 656K, committed 768K, reserved 1048576K
}

