# JRE version: Java(TM) SE Runtime Environment (8.0_51-b16) (build 1.8.0_51-b16)
# Java VM: Java HotSpot(TM) 64-Bit Server VM (25.51-b03 mixed mode windows-amd64 compressed oops)
Heap:
 PSYoungGen      total 96768K, used 35937K [0x00000000eab00000, 0x00000000f2600000, 0x0000000100000000)
  eden space 75776K, 21% used [0x00000000eab00000,0x00000000ebace990,0x00000000ef500000)
  from space 20992K, 94% used [0x00000000f0c00000,0x00000000f1f49d58,0x00000000f2080000)
  to   space 23552K, 0% used [0x00000000ef500000,0x00000000ef500000,0x00000000f0c00000)
 ParOldGen       total 76288K, used 38535K [0x00000000c0000000, 0x00000000c4a80000, 0x00000000eab00000)
  object space 76288K, 50% used [0x00000000c0000000,0x00000000c25a1d20,0x00000000c4a80000)
 Metaspace       used 6484K, capacity 7256K, committed 7424K, reserved 1056768K
  class space    used 615K, capacity 656K, committed 768K, reserved 1048576K
GC Heap History (10 events):
Event: 17.809 GC heap before
{Heap before GC invocations=7 (full 0):
 PSYoungGen      total 74240K, used 72279K [0x00000000eab00000, 0x00000000f0000000, 0x0000000100000000)
  eden space 64512K, 100% used [0x00000000eab00000,0x00000000eea00000,0x00000000eea00000)
  from space 9728K, 79% used [0x00000000ef480000,0x00000000efc15ef0,0x00000000efe00000)
  to   space 10752K, 0% used [0x00000000eea00000,0x00000000eea00000,0x00000000ef480000)
 ParOldGen       total 44032K, used 13462K [0x00000000c0000000, 0x00000000c2b00000, 0x00000000eab00000)
  object space 44032K, 30% used [0x00000000c0000000,0x00000000c0d25ad8,0x00000000c2b00000)
 Metaspace       used 6352K, capacity 7216K, committed 7296K, reserved 1056768K
  class space    used 595K, capacity 616K, committed 640K, reserved 1048576K
Event: 18.718 GC heap after
Heap after GC invocations=7 (full 0):
 PSYoungGen      total 75264K, used 10736K [0x00000000eab00000, 0x00000000f0000000, 0x0000000100000000)
  eden space 64512K, 0% used [0x00000000eab00000,0x00000000eab00000,0x00000000eea00000)
  from space 10752K, 99% used [0x00000000eea00000,0x00000000ef47c1f0,0x00000000ef480000)
  to   space 9728K, 0% used [0x00000000ef480000,0x00000000ef480000,0x00000000efe00000)
 ParOldGen       total 44032K, used 20974K [0x00000000c0000000, 0x00000000c2b00000, 0x00000000eab00000)
  object space 44032K, 47% used [0x00000000c0000000,0x00000000c147ba70,0x00000000c2b00000)
 Metaspace       used 6352K, capacity 7216K, committed 7296K, reserved 1056768K
  class space    used 595K, capacity 616K, committed 640K, reserved 1048576K
}
Event: 21.585 GC heap before
{Heap before GC invocations=8 (full 0):
 PSYoungGen      total 75264K, used 75248K [0x00000000eab00000, 0x00000000f0000000, 0x0000000100000000)
  eden space 64512K, 100% used [0x00000000eab00000,0x00000000eea00000,0x00000000eea00000)
  from space 10752K, 99% used [0x00000000eea00000,0x00000000ef47c1f0,0x00000000ef480000)
  to   space 9728K, 0% used [0x00000000ef480000,0x00000000ef480000,0x00000000efe00000)
 ParOldGen       total 44032K, used 20976K [0x00000000c0000000, 0x00000000c2b00000, 0x00000000eab00000)
  object space 44032K, 47% used [0x00000000c0000000,0x00000000c147c3f0,0x00000000c2b00000)
 Metaspace       used 6372K, capacity 7216K, committed 7296K, reserved 1056768K
  class space    used 595K, capacity 616K, committed 640K, reserved 1048576K
Event: 21.796 GC heap after
Heap after GC invocations=8 (full 0):
 PSYoungGen      total 74240K, used 9701K [0x00000000eab00000, 0x00000000f0000000, 0x0000000100000000)
  eden space 64512K, 0% used [0x00000000eab00000,0x00000000eab00000,0x00000000eea00000)
  from space 9728K, 99% used [0x00000000ef480000,0x00000000efdf95d0,0x00000000efe00000)
  to   space 10752K, 0% used [0x00000000eea00000,0x00000000eea00000,0x00000000ef480000)
 ParOldGen       total 44032K, used 33282K [0x00000000c0000000, 0x00000000c2b00000, 0x00000000eab00000)
  object space 44032K, 75% used [0x00000000c0000000,0x00000000c20809c8,0x00000000c2b00000)
 Metaspace       used 6372K, capacity 7216K, committed 7296K, reserved 1056768K
  class space    used 595K, capacity 616K, committed 640K, reserved 1048576K
}
Event: 21.796 GC heap before
{Heap before GC invocations=9 (full 1):
 PSYoungGen      total 74240K, used 9701K [0x00000000eab00000, 0x00000000f0000000, 0x0000000100000000)
  eden space 64512K, 0% used [0x00000000eab00000,0x00000000eab00000,0x00000000eea00000)
  from space 9728K, 99% used [0x00000000ef480000,0x00000000efdf95d0,0x00000000efe00000)
  to   space 10752K, 0% used [0x00000000eea00000,0x00000000eea00000,0x00000000ef480000)
 ParOldGen       total 44032K, used 33282K [0x00000000c0000000, 0x00000000c2b00000, 0x00000000eab00000)
  object space 44032K, 75% used [0x00000000c0000000,0x00000000c20809c8,0x00000000c2b00000)
 Metaspace       used 6372K, capacity 7216K, committed 7296K, reserved 1056768K
  class space    used 595K, capacity 616K, committed 640K, reserved 1048576K
Event: 25.626 GC heap after
Heap after GC invocations=9 (full 1):
 PSYoungGen      total 74240K, used 0K [0x00000000eab00000, 0x00000000f0000000, 0x0000000100000000)
  eden space 64512K, 0% used [0x00000000eab00000,0x00000000eab00000,0x00000000eea00000)
  from space 9728K, 0% used [0x00000000ef480000,0x00000000ef480000,0x00000000efe00000)
  to   space 10752K, 0% used [0x00000000eea00000,0x00000000eea00000,0x00000000ef480000)
 ParOldGen       total 76288K, used 38525K [0x00000000c0000000, 0x00000000c4a80000, 0x00000000eab00000)
  object space 76288K, 50% used [0x00000000c0000000,0x00000000c259f4f0,0x00000000c4a80000)
 Metaspace       used 6372K, capacity 7216K, committed 7296K, reserved 1056768K
  class space    used 595K, capacity 616K, committed 640K, reserved 1048576K
}
Event: 27.135 GC heap before
{Heap before GC invocations=10 (full 1):
 PSYoungGen      total 74240K, used 64512K [0x00000000eab00000, 0x00000000f0000000, 0x0000000100000000)
  eden space 64512K, 100% used [0x00000000eab00000,0x00000000eea00000,0x00000000eea00000)
  from space 9728K, 0% used [0x00000000ef480000,0x00000000ef480000,0x00000000efe00000)
  to   space 10752K, 0% used [0x00000000eea00000,0x00000000eea00000,0x00000000ef480000)
 ParOldGen       total 76288K, used 38527K [0x00000000c0000000, 0x00000000c4a80000, 0x00000000eab00000)
  object space 76288K, 50% used [0x00000000c0000000,0x00000000c259fd20,0x00000000c4a80000)
 Metaspace       used 6477K, capacity 7256K, committed 7424K, reserved 1056768K
  class space    used 615K, capacity 656K, committed 768K, reserved 1048576K
Event: 27.212 GC heap after
Heap after GC invocations=10 (full 1):
 PSYoungGen      total 75264K, used 10357K [0x00000000eab00000, 0x00000000f2080000, 0x0000000100000000)
  eden space 64512K, 0% used [0x00000000eab00000,0x00000000eab00000,0x00000000eea00000)
  from space 10752K, 96% used [0x00000000eea00000,0x00000000ef41d4a8,0x00000000ef480000)
  to   space 20992K, 0% used [0x00000000f0c00000,0x00000000f0c00000,0x00000000f2080000)
 ParOldGen       total 76288K, used 38535K [0x00000000c0000000, 0x00000000c4a80000, 0x00000000eab00000)
  object space 76288K, 50% used [0x00000000c0000000,0x00000000c25a1d20,0x00000000c4a80000)
 Metaspace       used 6477K, capacity 7256K, committed 7424K, reserved 1056768K
  class space    used 615K, capacity 656K, committed 768K, reserved 1048576K
}
Event: 28.411 GC heap before
{Heap before GC invocations=11 (full 1):
 PSYoungGen      total 75264K, used 74869K [0x00000000eab00000, 0x00000000f2080000, 0x0000000100000000)
  eden space 64512K, 100% used [0x00000000eab00000,0x00000000eea00000,0x00000000eea00000)
  from space 10752K, 96% used [0x00000000eea00000,0x00000000ef41d4a8,0x00000000ef480000)
  to   space 20992K, 0% used [0x00000000f0c00000,0x00000000f0c00000,0x00000000f2080000)
 ParOldGen       total 76288K, used 38535K [0x00000000c0000000, 0x00000000c4a80000, 0x00000000eab00000)
  object space 76288K, 50% used [0x00000000c0000000,0x00000000c25a1d20,0x00000000c4a80000)
 Metaspace       used 6481K, capacity 7256K, committed 7424K, reserved 1056768K
  class space    used 615K, capacity 656K, committed 768K, reserved 1048576K
Event: 28.549 GC heap after
Heap after GC invocations=11 (full 1):
 PSYoungGen      total 96768K, used 19751K [0x00000000eab00000, 0x00000000f2600000, 0x0000000100000000)
  eden space 75776K, 0% used [0x00000000eab00000,0x00000000eab00000,0x00000000ef500000)
  from space 20992K, 94% used [0x00000000f0c00000,0x00000000f1f49d58,0x00000000f2080000)
  to   space 23552K, 0% used [0x00000000ef500000,0x00000000ef500000,0x00000000f0c00000)
 ParOldGen       total 76288K, used 38535K [0x00000000c0000000, 0x00000000c4a80000, 0x00000000eab00000)
  object space 76288K, 50% used [0x00000000c0000000,0x00000000c25a1d20,0x00000000c4a80000)
 Metaspace       used 6481K, capacity 7256K, committed 7424K, reserved 1056768K
  class space    used 615K, capacity 656K, committed 768K, reserved 1048576K
}

