# JRE version: Java(TM) SE Runtime Environment (8.0_51-b16) (build 1.8.0_51-b16)
# Java VM: Java HotSpot(TM) 64-Bit Server VM (25.51-b03 mixed mode windows-amd64 compressed oops)
Heap:
 PSYoungGen      total 217088K, used 84401K [0x00000000eab00000, 0x00000000f9e00000, 0x0000000100000000)
  eden space 192512K, 31% used [0x00000000eab00000,0x00000000ee60c858,0x00000000f6700000)
  from space 24576K, 97% used [0x00000000f8500000,0x00000000f9c5fce0,0x00000000f9d00000)
  to   space 28160K, 0% used [0x00000000f6700000,0x00000000f6700000,0x00000000f8280000)
 ParOldGen       total 74240K, used 44153K [0x00000000c0000000, 0x00000000c4880000, 0x00000000eab00000)
  object space 74240K, 59% used [0x00000000c0000000,0x00000000c2b1e568,0x00000000c4880000)
 Metaspace       used 6592K, capacity 7320K, committed 7680K, reserved 1056768K
  class space    used 622K, capacity 656K, committed 768K, reserved 1048576K
GC Heap History (10 events):
Event: 10.731 GC heap before
{Heap before GC invocations=7 (full 0):
 PSYoungGen      total 73728K, used 11142K [0x00000000eab00000, 0x00000000f0100000, 0x0000000100000000)
  eden space 64000K, 4% used [0x00000000eab00000,0x00000000ead99870,0x00000000ee980000)
  from space 9728K, 87% used [0x00000000ef480000,0x00000000efcc81d8,0x00000000efe00000)
  to   space 11264K, 0% used [0x00000000ee980000,0x00000000ee980000,0x00000000ef480000)
 ParOldGen       total 44032K, used 13956K [0x00000000c0000000, 0x00000000c2b00000, 0x00000000eab00000)
  object space 44032K, 31% used [0x00000000c0000000,0x00000000c0da10f8,0x00000000c2b00000)
 Metaspace       used 6225K, capacity 7152K, committed 7296K, reserved 1056768K
  class space    used 594K, capacity 616K, committed 640K, reserved 1048576K
Event: 11.560 GC heap after
Heap after GC invocations=7 (full 0):
 PSYoungGen      total 75264K, used 7440K [0x00000000eab00000, 0x00000000f3e00000, 0x0000000100000000)
  eden space 64000K, 0% used [0x00000000eab00000,0x00000000eab00000,0x00000000ee980000)
  from space 11264K, 66% used [0x00000000ee980000,0x00000000ef0c4020,0x00000000ef480000)
  to   space 11264K, 0% used [0x00000000f3300000,0x00000000f3300000,0x00000000f3e00000)
 ParOldGen       total 44032K, used 15107K [0x00000000c0000000, 0x00000000c2b00000, 0x00000000eab00000)
  object space 44032K, 34% used [0x00000000c0000000,0x00000000c0ec0ef8,0x00000000c2b00000)
 Metaspace       used 6225K, capacity 7152K, committed 7296K, reserved 1056768K
  class space    used 594K, capacity 616K, committed 640K, reserved 1048576K
}
Event: 20.315 GC heap before
{Heap before GC invocations=8 (full 0):
 PSYoungGen      total 75264K, used 71440K [0x00000000eab00000, 0x00000000f3e00000, 0x0000000100000000)
  eden space 64000K, 100% used [0x00000000eab00000,0x00000000ee980000,0x00000000ee980000)
  from space 11264K, 66% used [0x00000000ee980000,0x00000000ef0c4020,0x00000000ef480000)
  to   space 11264K, 0% used [0x00000000f3300000,0x00000000f3300000,0x00000000f3e00000)
 ParOldGen       total 44032K, used 15107K [0x00000000c0000000, 0x00000000c2b00000, 0x00000000eab00000)
  object space 44032K, 34% used [0x00000000c0000000,0x00000000c0ec0ef8,0x00000000c2b00000)
 Metaspace       used 6321K, capacity 7216K, committed 7296K, reserved 1056768K
  class space    used 595K, capacity 616K, committed 640K, reserved 1048576K
Event: 20.835 GC heap after
Heap after GC invocations=8 (full 0):
 PSYoungGen      total 135168K, used 11232K [0x00000000eab00000, 0x00000000f4600000, 0x0000000100000000)
  eden space 123904K, 0% used [0x00000000eab00000,0x00000000eab00000,0x00000000f2400000)
  from space 11264K, 99% used [0x00000000f3300000,0x00000000f3df8010,0x00000000f3e00000)
  to   space 15360K, 0% used [0x00000000f2400000,0x00000000f2400000,0x00000000f3300000)
 ParOldGen       total 44032K, used 20989K [0x00000000c0000000, 0x00000000c2b00000, 0x00000000eab00000)
  object space 44032K, 47% used [0x00000000c0000000,0x00000000c147f4d8,0x00000000c2b00000)
 Metaspace       used 6321K, capacity 7216K, committed 7296K, reserved 1056768K
  class space    used 595K, capacity 616K, committed 640K, reserved 1048576K
}
Event: 42.670 GC heap before
{Heap before GC invocations=9 (full 0):
 PSYoungGen      total 135168K, used 135136K [0x00000000eab00000, 0x00000000f4600000, 0x0000000100000000)
  eden space 123904K, 100% used [0x00000000eab00000,0x00000000f2400000,0x00000000f2400000)
  from space 11264K, 99% used [0x00000000f3300000,0x00000000f3df8010,0x00000000f3e00000)
  to   space 15360K, 0% used [0x00000000f2400000,0x00000000f2400000,0x00000000f3300000)
 ParOldGen       total 44032K, used 20989K [0x00000000c0000000, 0x00000000c2b00000, 0x00000000eab00000)
  object space 44032K, 47% used [0x00000000c0000000,0x00000000c147f4d8,0x00000000c2b00000)
 Metaspace       used 6457K, capacity 7256K, committed 7424K, reserved 1056768K
  class space    used 615K, capacity 656K, committed 768K, reserved 1048576K
Event: 42.719 GC heap after
Heap after GC invocations=9 (full 0):
 PSYoungGen      total 139264K, used 15328K [0x00000000eab00000, 0x00000000f9d00000, 0x0000000100000000)
  eden space 123904K, 0% used [0x00000000eab00000,0x00000000eab00000,0x00000000f2400000)
  from space 15360K, 99% used [0x00000000f2400000,0x00000000f32f8210,0x00000000f3300000)
  to   space 24576K, 0% used [0x00000000f8500000,0x00000000f8500000,0x00000000f9d00000)
 ParOldGen       total 44032K, used 37465K [0x00000000c0000000, 0x00000000c2b00000, 0x00000000eab00000)
  object space 44032K, 85% used [0x00000000c0000000,0x00000000c2496730,0x00000000c2b00000)
 Metaspace       used 6457K, capacity 7256K, committed 7424K, reserved 1056768K
  class space    used 615K, capacity 656K, committed 768K, reserved 1048576K
}
Event: 42.719 GC heap before
{Heap before GC invocations=10 (full 1):
 PSYoungGen      total 139264K, used 15328K [0x00000000eab00000, 0x00000000f9d00000, 0x0000000100000000)
  eden space 123904K, 0% used [0x00000000eab00000,0x00000000eab00000,0x00000000f2400000)
  from space 15360K, 99% used [0x00000000f2400000,0x00000000f32f8210,0x00000000f3300000)
  to   space 24576K, 0% used [0x00000000f8500000,0x00000000f8500000,0x00000000f9d00000)
 ParOldGen       total 44032K, used 37465K [0x00000000c0000000, 0x00000000c2b00000, 0x00000000eab00000)
  object space 44032K, 85% used [0x00000000c0000000,0x00000000c2496730,0x00000000c2b00000)
 Metaspace       used 6457K, capacity 7256K, committed 7424K, reserved 1056768K
  class space    used 615K, capacity 656K, committed 768K, reserved 1048576K
Event: 43.182 GC heap after
Heap after GC invocations=10 (full 1):
 PSYoungGen      total 139264K, used 5080K [0x00000000eab00000, 0x00000000f9d00000, 0x0000000100000000)
  eden space 123904K, 0% used [0x00000000eab00000,0x00000000eab00000,0x00000000f2400000)
  from space 15360K, 33% used [0x00000000f2400000,0x00000000f28f6110,0x00000000f3300000)
  to   space 24576K, 0% used [0x00000000f8500000,0x00000000f8500000,0x00000000f9d00000)
 ParOldGen       total 74240K, used 43913K [0x00000000c0000000, 0x00000000c4880000, 0x00000000eab00000)
  object space 74240K, 59% used [0x00000000c0000000,0x00000000c2ae2568,0x00000000c4880000)
 Metaspace       used 6457K, capacity 7256K, committed 7424K, reserved 1056768K
  class space    used 615K, capacity 656K, committed 768K, reserved 1048576K
}
Event: 44.990 GC heap before
{Heap before GC invocations=11 (full 1):
 PSYoungGen      total 139264K, used 128984K [0x00000000eab00000, 0x00000000f9d00000, 0x0000000100000000)
  eden space 123904K, 100% used [0x00000000eab00000,0x00000000f2400000,0x00000000f2400000)
  from space 15360K, 33% used [0x00000000f2400000,0x00000000f28f6110,0x00000000f3300000)
  to   space 24576K, 0% used [0x00000000f8500000,0x00000000f8500000,0x00000000f9d00000)
 ParOldGen       total 74240K, used 43913K [0x00000000c0000000, 0x00000000c4880000, 0x00000000eab00000)
  object space 74240K, 59% used [0x00000000c0000000,0x00000000c2ae2568,0x00000000c4880000)
 Metaspace       used 6468K, capacity 7256K, committed 7424K, reserved 1056768K
  class space    used 615K, capacity 656K, committed 768K, reserved 1048576K
Event: 45.104 GC heap after
Heap after GC invocations=11 (full 1):
 PSYoungGen      total 217088K, used 23935K [0x00000000eab00000, 0x00000000f9e00000, 0x0000000100000000)
  eden space 192512K, 0% used [0x00000000eab00000,0x00000000eab00000,0x00000000f6700000)
  from space 24576K, 97% used [0x00000000f8500000,0x00000000f9c5fce0,0x00000000f9d00000)
  to   space 28160K, 0% used [0x00000000f6700000,0x00000000f6700000,0x00000000f8280000)
 ParOldGen       total 74240K, used 44153K [0x00000000c0000000, 0x00000000c4880000, 0x00000000eab00000)
  object space 74240K, 59% used [0x00000000c0000000,0x00000000c2b1e568,0x00000000c4880000)
 Metaspace       used 6468K, capacity 7256K, committed 7424K, reserved 1056768K
  class space    used 615K, capacity 656K, committed 768K, reserved 1048576K
}

